<?xml version="1.0" encoding="UTF-8"?>
<!-- Generated by org.testng.reporters.JUnitXMLReporter -->
<testsuite hostname="AIPL2361LT06766" ignored="0" name="home page test" tests="3" failures="0" timestamp="2020-07-11T22:58:24 IST" time="25.462" errors="0">
  <testcase name="verifyLoggedInUserText" time="6.605" classname="com.qa.labs.tests.HomePageTest"/>
  <testcase name="verifyHomePageHeader" time="0.13" classname="com.qa.labs.tests.HomePageTest"/>
  <testcase name="verifyHomePageTitle" time="0.238" classname="com.qa.labs.tests.HomePageTest"/>
</testsuite> <!-- home page test -->
