<?xml version="1.0" encoding="UTF-8"?>
<!-- Generated by org.testng.reporters.JUnitXMLReporter -->
<testsuite hostname="AIPL2361LT06766" ignored="0" name="login page test" tests="3" failures="0" timestamp="2020-07-11T22:58:19 IST" time="19.941" errors="0">
  <testcase name="verifySignUlLinkTest" time="9.296" classname="com.qa.labs.tests.LoginPageTest"/>
  <testcase name="verifyLoginPageTitle" time="0.021" classname="com.qa.labs.tests.LoginPageTest"/>
  <testcase name="loginTest" time="0.57" classname="com.qa.labs.tests.LoginPageTest"/>
</testsuite> <!-- login page test -->
