<?xml version="1.0" encoding="UTF-8"?>
<!-- Generated by org.testng.reporters.JUnitXMLReporter -->
<testsuite hostname="AIPL2361LT06766" ignored="0" name="Default test" tests="3" failures="0" timestamp="12 Jul 2020 17:46:37 GMT" time="17.093" errors="0">
  <testcase name="verifySignUlLinkTest" time="7.545" classname="com.qa.labs.tests.LoginPageTest"/>
  <testcase name="verifyLoginPageTitle" time="0.014" classname="com.qa.labs.tests.LoginPageTest"/>
  <testcase name="loginTest" time="0.565" classname="com.qa.labs.tests.LoginPageTest"/>
</testsuite> <!-- Default test -->
